../src/host_property_extractor.py:424: RuntimeWarning: divide by zero encountered in log10
  self.magnitude = -2.5 * np.log10(flux/self.exposure_time) + self.m_0
../src/host_property_extractor.py:421: RuntimeWarning: divide by zero encountered in log10
  np.log10(two_sigma_flux/self.exposure_time) + self.m_0
../src/host_property_extractor.py:421: RuntimeWarning: invalid value encountered in log10
  np.log10(two_sigma_flux/self.exposure_time) + self.m_0
../src/host_property_extractor.py:399: RuntimeWarning: divide by zero encountered in log10
  m_0s = colRealMags + 2.5 * np.log10(colFluxes/float(self.exposure_time))
Using m_0s and averages from a prev. run
0
chosen by location cc: 0.004742795201846284 000001.6

1
chosen by location cc: 0.0019800402784589943 000006.6

2
Note: raising threshold to 3.3 
 000010.4

3
Note: raising threshold to 3.5999999999999996 
 000010.4

4
Note: raising threshold to 3.8999999999999995 
 000010.4

5
Note: raising threshold to 4.199999999999999 
 000010.4

6
Note: raising threshold to 3.3 
 000010.5

7
Note: raising threshold to 3.5999999999999996 
 000010.5

8
Note: raising threshold to 3.8999999999999995 
 000010.5

9
Note: raising threshold to 4.199999999999999 
 000010.5

10
Note: raising threshold to 4.499999999999999 
 000010.5

11
Note: raising threshold to 4.799999999999999 
 000010.5

12
Note: raising threshold to 5.099999999999999 
 000010.5

13
Note: raising threshold to 5.399999999999999 
 000010.5

14
Note: raising threshold to 5.699999999999998 
 000010.5

15
Note: raising threshold to 5.999999999999998 
 000010.5

16
Note: raising threshold to 6.299999999999998 
 000010.5

17
Note: raising threshold to 6.599999999999998 
 000010.5

18
Note: raising threshold to 6.899999999999998 
 000010.5

19
Note: raising threshold to 7.1999999999999975 
 000010.5

20
Note: raising threshold to 7.499999999999997 
 000010.5

21
Note: raising threshold to 3.3 
 000010.6

22
chosen by location cc: 0.0010550090172235516 000010.5

23
No good candidate 000011.5

ID: 11
24
chosen by location cc: 0.01964535768235598 000034.5

25
chosen by location cc: 0.03865826401137218 000038.5

26
chosen by location cc: 0.0016775233108916598 000076.6

27
No good candidate 000091.5

ID: 91
28
chosen by location cc: 0.0017040871245870282 000098.6

29
chosen by location cc: 0.00033246363625927255 000133.6

30
chosen by location cc: 0.00041893043059049173 000137.6

31
chosen by location cc: 0.003314709127178017 000142.6

32
chosen by location cc: 0.0014910207742160342 000174.5

33
chosen by location cc: 0.012627268696705163 000190.4

34
chosen by location cc: 0.005864934190356386 000196.6

35
No good candidate 000199.5

ID: 199
36
No good candidate 000202.5

ID: 202
37
chosen by location cc: 0.018208406147608325 000215.5

38
chosen by location cc: 0.003229091537122586 000218.6

39
chosen by location cc: 0.003271911189313026 000220.6

40
chosen by location cc: 0.001923259521147913 000236.6

41
chosen by location cc: 0.0003872216270929263 000248.6

42
chosen by location cc: 0.006330390472559455 000420.6

43
chosen by location cc: 0.004180037319711727 010010.6

44
Note: raising threshold to 3.3 
 010026.5

45
Note: raising threshold to 3.5999999999999996 
 010026.5

46
Note: raising threshold to 3.8999999999999995 
 010026.5

47
Note: raising threshold to 4.199999999999999 
 010026.5

48
Note: raising threshold to 4.499999999999999 
 010026.5

49
Note: raising threshold to 4.799999999999999 
 010026.5

50
Note: raising threshold to 5.099999999999999 
 010026.5

51
Note: raising threshold to 5.399999999999999 
 010026.5

52
Note: raising threshold to 5.699999999999998 
 010026.5

53
Note: raising threshold to 5.999999999999998 
 010026.5

54
Note: raising threshold to 6.299999999999998 
 010026.5

55
Note: raising threshold to 6.599999999999998 
 010026.5

56
Note: raising threshold to 6.899999999999998 
 010026.5

57
Note: raising threshold to 7.1999999999999975 
 010026.5

58
Note: raising threshold to 7.499999999999997 
 010026.5

59
Note: raising threshold to 7.799999999999997 
 010026.5

60
Note: raising threshold to 8.099999999999998 
 010026.5

61
Note: raising threshold to 8.399999999999999 
 010026.5

62
Note: raising threshold to 8.7 
 010026.5

63
Note: raising threshold to 9.0 
 010026.5

64
Note: raising threshold to 9.3 
 010026.5

65
Note: raising threshold to 9.600000000000001 
 010026.5

66
Note: raising threshold to 9.900000000000002 
 010026.5

67
Note: raising threshold to 10.200000000000003 
 010026.5

68
Note: raising threshold to 10.500000000000004 
 010026.5

69
Note: raising threshold to 10.800000000000004 
 010026.5

70
Note: raising threshold to 11.100000000000005 
 010026.5

71
Note: raising threshold to 11.400000000000006 
 010026.5

72
Note: raising threshold to 11.700000000000006 
 010026.5

73
Note: raising threshold to 12.000000000000007 
 010026.5

74
Note: raising threshold to 12.300000000000008 
 010026.5

75
Note: raising threshold to 12.600000000000009 
 010026.5

76
Note: raising threshold to 12.90000000000001 
 010026.5

77
Note: raising threshold to 13.20000000000001 
 010026.5

78
Note: raising threshold to 13.50000000000001 
 010026.5

79
Note: raising threshold to 13.800000000000011 
 010026.5

80
Note: raising threshold to 14.100000000000012 
 010026.5

81
Note: raising threshold to 14.400000000000013 
 010026.5

82
Note: raising threshold to 14.700000000000014 
 010026.5

83
Note: raising threshold to 15.000000000000014 
 010026.5

84
Note: raising threshold to 15.300000000000015 
 010026.5

85
Note: raising threshold to 15.600000000000016 
 010026.5

86
Note: raising threshold to 15.900000000000016 
 010026.5

87
Note: raising threshold to 16.200000000000017 
 010026.5

88
Note: raising threshold to 16.500000000000018 
 010026.5

89
Note: raising threshold to 16.80000000000002 
 010026.5

90
Note: raising threshold to 17.10000000000002 
 010026.5

91
Note: raising threshold to 17.40000000000002 
 010026.5

92
Note: raising threshold to 17.70000000000002 
 010026.5

93
Note: raising threshold to 18.00000000000002 
 010026.5

94
Note: raising threshold to 18.300000000000022 
 010026.5

95
Note: raising threshold to 18.600000000000023 
 010026.5

96
chosen by location cc: 0.0038256582305976616 010026.5

97
No good candidate 010043.5

ID: 10043
98
chosen by location cc: 0.01120126250784581 010163.3

99
chosen by location cc: 0.002943495841708166 010411.6

100
chosen by location cc: 0.0016103294098315235 010454.6

101
chosen by location cc: 0.005256170954845429 020021.4

102
chosen by location cc: 0.0035294401131301667 020027.6

103
chosen by location cc: 0.008834680623176272 020075.3

104
chosen by location cc: 0.004992783020801084 020082.6

105
chosen by location cc: 0.003213276688366684 020090.6

106
chosen by cc cc: 0.012718120398070965 020096.6

107
chosen by location cc: 0.0013261143242558893 020121.6

108
chosen by location cc: 0.002228693151724359 020132.6

109
chosen by location cc: 0.013508656753051795 020176.6

110
chosen by location cc: 0.004363292091058346 020200.6

111
photozmatch 030006.3

112
chosen by location cc: 0.017789685932343757 030006.6

113
chosen by location cc: 0.005321289212330993 030010.5

114
chosen by location cc: 0.02204613228504937 030066.6

115
No good candidate 030129.5

ID: 30129
116
photozmatch 040111.3

117
photozmatch 040111.4

118
chosen by cc cc: 0.012445462424330311 040111.6

119
chosen by location cc: 0.017316605222130854 040137.5

120
chosen by location cc: 0.002925224121044123 040146.6

121
No good candidate 040150.5

ID: 40150
122
chosen by location cc: 0.037303546336721505 040166.5

123
chosen by location cc: 0.00717221605806917 040198.6

124
photozmatch 040201.3

125
photozmatch 040201.4

126
photozmatch 040201.5

127
photozmatch 040201.6

128
chosen by photoz cc: 0.022869830492613263 040201.6

129
chosen by location cc: 0.0035308811456107314 040301.6

130
chosen by location cc: 0.002179605635835302 040662.6

131
chosen by location cc: 0.0014094750485729168 040780.6

132
chosen by location cc: 0.00412450277421661 040782.6

133
No good candidate 050003.5

ID: 50003
134
chosen by location cc: 0.008669854185571868 050005.6

135
chosen by location cc: 0.014412838145885676 050044.6

136
chosen by location cc: 0.01101001405915214 050081.6

137
chosen by location cc: 0.003116412594408202 050088.6

138
photozmatch 050201.6

139
chosen by photoz cc: 0.1402035796593868 050201.6

140
No good candidate 050203.5

ID: 50203
141
chosen by location cc: 0.04858974097109803 050221.5

142
chosen by location cc: 0.0012563461664863995 050251.6

143
chosen by location cc: 0.006312017260805658 050291.6

144
No good candidate 050293.5

ID: 50293
145
chosen by location cc: 0.003780608362720983 050296.6

146
chosen by location cc: 0.004521983913476357 050301.6

147
chosen by location cc: 0.001800472823632826 050303.6

148
chosen by location cc: 0.0028553509319030335 050577.6

149
photozmatch 050580.4

150
photozmatch 050580.6

151
chosen by location cc: 0.011912938811159068 050580.5

152
chosen by location cc: 0.0030828372095222933 050581.6

153
chosen by cc cc: 0.0012123128100547387 050596.5

154
No good candidate 050601.5

ID: 50601
155
chosen by location cc: 0.00945440800347408 050607.6

156
chosen by location cc: 0.0023202532557233813 060230.6

157
No good candidate 060270.5

ID: 60270
158
chosen by location cc: 0.002043927914828103 060284.6

159
chosen by location cc: 0.0022797621546463143 061196.6

160
No good candidate 070242.5

ID: 70242
161
chosen by location cc: 0.002396494117344772 070291.6

162
No good candidate 070763.5

ID: 70763
163
chosen by location cc: 0.01369323491234653 070955.6

164
chosen by location cc: 0.008355832243353123 071072.6

165
chosen by location cc: 0.005179869170477525 080064.6

166
No good candidate 080079.5

ID: 80079
167
chosen by location cc: 0.0025649708657282666 080308.6

168
chosen by location cc: 0.0039040355364712287 080646.6

169
chosen by location cc: 0.013069394688555613 080723.5

170
chosen by location cc: 0.0188046990062114 080735.5

171
No good candidate 080762.5

ID: 80762
172
chosen by location cc: 0.004586173811097605 080768.6

173
No good candidate 090022.5

ID: 90022
174
chosen by location cc: 0.00554229323003963 090034.6

175
chosen by location cc: 0.0009822241038458523 090037.6

176
chosen by location cc: 0.025788178964117003 090201.5

177
chosen by location cc: 0.0032826799162960496 090275.6

178
chosen by location cc: 0.0029638666708380335 091034.6

179
No good candidate 091040.5

ID: 91040
180
chosen by location cc: 0.005832068622530384 091748.5

181
chosen by location cc: 0.005320855799490487 091869.6

182
chosen by cc cc: 0.01703062509071629 100014.6

183
No good candidate 100020.5

ID: 100020
184
chosen by location cc: 0.0020464751759547983 100090.6

185
photozmatch 100101.3

186
chosen by location cc: 0.0033721022425003966 100101.6

187
chosen by location cc: 0.006382902550072678 100163.6

188
chosen by location cc: 0.004275137671464813 100170.4

189
chosen by location cc: 0.0009054158197513429 100206.6

190
chosen by location cc: 0.0043800084105791726 100213.6

191
chosen by location cc: 0.01793006556796717 100358.6

192
chosen by location cc: 0.0006350591140257267 100405.6

193
chosen by location cc: 0.018800622582656357 110024.5

194
chosen by location cc: 0.00295457558937251 110030.6

195
chosen by location cc: 0.007602007840877056 110031.4

196
chosen by location cc: 0.010826967995513637 110033.5

197
chosen by location cc: 0.002025864515047049 110034.6

198
chosen by location cc: 0.0024318062273532837 110036.6

199
chosen by location cc: 0.0036183489948719005 110058.6

200
No good candidate 110405.5

ID: 110405
201
chosen by location cc: 0.012824183527687105 110425.6

202
chosen by location cc: 0.005232767625620638 110426.6

203
chosen by location cc: 0.011831379428121624 110430.6

204
chosen by location cc: 0.007687054552602768 110431.4

205
chosen by location cc: 0.005800706940939371 110460.6

206
chosen by location cc: 0.008639857765365577 110468.5

207
chosen by location cc: 0.006355826712248214 110478.6

208
No good candidate 110484.5

ID: 110484
209
chosen by location cc: 0.002046810439567337 110536.6

210
chosen by location cc: 0.008101670576499687 110542.6

211
chosen by location cc: 0.0016454892426008838 110567.6

212
chosen by location cc: 0.001876813318627435 110716.6

213
chosen by location cc: 0.003010724773888862 110719.6

214
chosen by location cc: 0.01268786432730018 110721.6

215
chosen by location cc: 0.0014259737650027526 110734.6

216
chosen by location cc: 0.0010998912127994087 120031.6

217
chosen by location cc: 0.01905553408544236 120044.6

218
chosen by location cc: 0.0013390768015508758 120067.6

219
chosen by location cc: 0.011241705995500006 120085.6

220
photozmatch 120086.3

221
photozmatch 120086.4

222
chosen by cc cc: 0.012864460102017361 120086.6

223
chosen by location cc: 0.020616551780330394 120094.5

224
chosen by location cc: 0.0346216061682727 120113.4

225
chosen by location cc: 0.005746568966046084 120143.6

226
chosen by location cc: 0.002473207046961634 120175.4

227
chosen by location cc: 0.0039927995643775915 120225.5

228
No good candidate 120228.5

ID: 120228
229
chosen by location cc: 0.0069396354433108876 120243.6

230
chosen by location cc: 0.004276148985038253 120333.6

231
chosen by location cc: 1.0 120336.3

232
chosen by location cc: 0.32152198320494885 120369.4

233
No good candidate 120400.5

ID: 120400
234
chosen by location cc: 0.011403395147568718 120444.6

235
No good candidate 120585.5

ID: 120585
236
chosen by location cc: 0.009305355781116909 120586.6

237
chosen by location cc: 0.0009693167361204402 130150.6

238
chosen by location cc: 0.0016920880250907988 130308.6

239
chosen by location cc: 0.0014176202688225281 130327.6

240
chosen by location cc: 0.011350376108495763 130451.5

241
chosen by location cc: 0.002259706741431722 130514.6

242
chosen by location cc: 0.006315233337391701 130755.6

243
chosen by location cc: 0.0071739114448926555 130812.6

244
chosen by location cc: 0.005137597405071914 130816.6

245
chosen by location cc: 0.00226494380364195 130846.6

246
No good candidate 130862.5

ID: 130862
247
chosen by location cc: 0.004023741740379783 130913.6

248
chosen by location cc: 0.006882018660251177 130942.6

249
chosen by location cc: 0.0027682401403371637 130943.6

250
chosen by cc cc: 0.006462260550181398 130945.6

251
Note: raising threshold to 3.3 
 131014.5

252
Note: raising threshold to 3.5999999999999996 
 131014.5

253
Note: raising threshold to 3.8999999999999995 
 131014.5

254
Note: raising threshold to 4.199999999999999 
 131014.5

255
Note: raising threshold to 4.499999999999999 
 131014.5

256
Note: raising threshold to 4.799999999999999 
 131014.5

257
Note: raising threshold to 5.099999999999999 
 131014.5

258
chosen by location cc: 0.0012208556215048683 131014.6

259
chosen by location cc: 0.005056099561712157 131015.6

260
No good candidate 131089.5

ID: 131089
261
chosen by location cc: 0.0033213455295403316 131094.6

262
chosen by location cc: 0.0037471447033080585 140103.6

263
chosen by location cc: 0.009468311173262522 140152.5

264
chosen by location cc: 0.0014707624246989015 140181.6

265
chosen by location cc: 0.011276264897722155 140357.6

266
chosen by location cc: 0.0024817381206477807 140418.6

267
chosen by location cc: 0.00802017907609931 150249.6

268
chosen by location cc: 0.006363437182629439 150254.6

269
chosen by location cc: 0.0030021575735715844 150267.6

270
No good candidate 150381.5

ID: 150381
271
chosen by location cc: 0.007880357020381812 150412.6

272
chosen by location cc: 0.0012936342797735811 150455.6

273
chosen by location cc: 0.0017355178096791768 150457.6

274
chosen by location cc: 0.009685799258459027 150507.6

275
chosen by location cc: 0.0032795324809401505 150509.6

276
chosen by location cc: 0.0027602028000509593 150522.6

277
chosen by location cc: 0.0029568213822505074 150576.6

278
chosen by location cc: 0.0014929752254487783 150582.5

279
chosen by location cc: 0.003838262848072871 150692.6

280
chosen by location cc: 0.003302578758709984 151034.6

281
chosen by location cc: 0.006977329436458679 151425.4

282
photozmatch 160039.3

283
chosen by cc cc: 0.006800350542597755 160039.6

284
chosen by location cc: 0.005105613109500862 160042.6

285
chosen by location cc: 0.0008605214010108941 160046.6

286
No good candidate 160066.5

ID: 160066
287
chosen by location cc: 0.0022165799680349263 160070.6

288
chosen by cc cc: 0.01820483142684115 160099.6

289
No good candidate 160103.5

ID: 160103
290
chosen by location cc: 0.0016407589174372017 160126.6

291
chosen by location cc: 0.008955723324629461 160197.5

292
chosen by location cc: 0.016246942421783706 160198.4

293
chosen by location cc: 0.0028296392427119565 160200.6

294
chosen by location cc: 0.009244919686244968 160214.6

295
chosen by location cc: 0.0038528494712715133 160287.6

296
chosen by location cc: 0.004096243442230807 170078.6

297
No good candidate 170428.5

ID: 170428
298
chosen by location cc: 0.0014141422821827287 170532.6

299
chosen by location cc: 0.0012881418458893235 180166.5

300
No good candidate 180279.5

ID: 180279
301
No good candidate 180313.5

ID: 180313
302
chosen by location cc: 0.009569376178817035 180561.6

303
chosen by location cc: 0.0021689329726527484 190209.6

304
chosen by location cc: 0.001892467509353346 190230.6

305
chosen by location cc: 0.0012670032245882812 190237.6

306
chosen by location cc: 0.0014539572113640986 190260.6

307
chosen by location cc: 0.0018236377522424796 190266.6

308
chosen by location cc: 0.003272960572376915 190299.6

309
chosen by location cc: 0.002037807910006184 190340.6

310
chosen by location cc: 0.008182726671337237 190369.6

311
chosen by location cc: 0.0013655892205683973 200079.6

312
chosen by location cc: 0.0025475832533483622 300008.6

313
chosen by location cc: 0.0006277609240478155 300089.6

314
chosen by location cc: 0.005895756544167741 300105.6

315
chosen by location cc: 0.0012874270900540274 300112.6

316
chosen by location cc: 0.0012352736445159218 300140.6

317
chosen by location cc: 0.0015386231175231746 300179.6

318
chosen by location cc: 0.0005946993013138391 300220.6

319
chosen by location cc: 0.00044881301377208693 300221.6

320
chosen by location cc: 0.005011789365029995 310025.6

321
chosen by location cc: 0.0007980455581413359 310026.6

322
chosen by location cc: 0.0016389254305186896 310039.6

323
chosen by location cc: 0.012292457541941637 310042.6

324
chosen by location cc: 0.012555507938925348 310051.6

325
No good candidate 310073.5

ID: 310073
326
chosen by location cc: 0.030365129168989147 310090.3

327
chosen by location cc: 0.0174989398034624 310091.5

328
chosen by cc cc: 0.004499137338670245 310146.3

329
chosen by location cc: 0.003685393069793874 310161.6

330
chosen by cc cc: 0.013347014006023006 310188.6

331
chosen by location cc: 0.003449198340827353 310238.6

332
No good candidate 310260.5

ID: 310260
333
chosen by location cc: 0.002467379900017219 310359.6

334
chosen by location cc: 0.003550998041991882 310574.6

335
chosen by location cc: 0.001435346960059647 320047.6

336
chosen by location cc: 0.009108903386286782 320099.5

337
chosen by location cc: 0.0018451961659380345 320258.6

338
chosen by location cc: 0.0019437666959769562 320347.6

339
No good candidate 320469.5

ID: 320469
340
chosen by location cc: 0.0032854705023366293 330013.6

341
chosen by location cc: 0.0009724089853735407 330022.6

342
chosen by location cc: 0.0016928960379154478 330023.6

343
chosen by location cc: 1.0 330027.3

344
chosen by location cc: 0.026417162251538562 330040.5

345
chosen by location cc: 0.001576641891297914 330042.6

346
chosen by location cc: 0.004916674513588792 330053.6

347
No good candidate 330064.5

ID: 330064
348
chosen by location cc: 0.003281736517510514 330075.6

349
chosen by location cc: 0.003988548394317948 330076.6

350
chosen by location cc: 0.019175439334334854 330083.5

351
chosen by location cc: 0.005536949114946066 330089.6

352
No good candidate 330106.5

ID: 330106
353
No good candidate 330107.5

ID: 330107
354
chosen by location cc: 0.0011369976160757744 330112.6

355
chosen by location cc: 0.013588609747141267 330114.6

356
chosen by location cc: 0.0017545716963898172 330128.6

357
chosen by location cc: 0.0017832731774749533 330143.6

358
chosen by location cc: 0.0012909462971770758 330146.6

359
chosen by location cc: 0.004137436412052886 330232.6

360
No good candidate 340169.5

ID: 340169
361
No good candidate 340195.5

ID: 340195
362
chosen by location cc: 0.0015894703185886927 340211.6

363
chosen by location cc: 0.0026640289210130286 340218.6

364
chosen by location cc: 0.005215750066171032 340222.6

365
chosen by location cc: 0.0019494562454895892 340229.6

366
chosen by location cc: 0.003335946993621719 340232.6

367
chosen by location cc: 0.0027398396753115506 340242.6

368
chosen by location cc: 0.0013397824384878687 340243.6

369
chosen by location cc: 0.004542544421043293 340272.6

370
chosen by cc cc: 0.002977783144834878 340276.3

371
chosen by location cc: 0.021523768844249447 340316.6

372
chosen by location cc: 1.0 340334.5

373
chosen by location cc: 0.0014433870576565644 340337.6

374
chosen by location cc: 0.0022536727049826677 340346.6

375
chosen by location cc: 1.0 350027.4

376
chosen by location cc: 0.002583687041928351 350047.4

377
chosen by location cc: 0.004828031867625704 350050.6

378
chosen by location cc: 0.0010159024555975726 350076.6

379
chosen by location cc: 0.01598323695030268 350078.6

380
chosen by location cc: 0.0013661062975134364 350080.6

381
chosen by location cc: 0.007836822564396106 350083.6

382
chosen by location cc: 0.008899014618160117 350092.6

383
chosen by location cc: 0.012238252622224777 350192.5

384
chosen by location cc: 0.0019994455111064235 350233.6

385
chosen by location cc: 0.012947258689657848 350235.6

386
chosen by location cc: 0.004716543148714836 350316.6

387
chosen by location cc: 0.005589432196370203 350330.6

388
chosen by location cc: 0.0018599615667287406 350374.6

389
chosen by location cc: 0.0016800835253232282 350548.6

390
chosen by location cc: 0.009371781491727571 350606.5

391
chosen by location cc: 0.02022985115592102 350607.6

392
chosen by location cc: 0.0018143818865902217 350630.6

393
chosen by location cc: 0.002624596816096947 350633.6

394
chosen by location cc: 0.008142202569793255 360030.6

395
chosen by location cc: 0.007413980435865497 360112.6

396
chosen by location cc: 0.013462863310918172 360139.6

397
No good candidate 360140.5

ID: 360140
398
chosen by location cc: 0.010147084997950029 360145.4

399
chosen by location cc: 0.002075145542161705 360156.5

400
photozmatch 360359.3

401
photozmatch 360359.4

402
photozmatch 360359.5

403
photozmatch 360359.6

404
chosen by photoz cc: 0.024209167641943252 360359.6

405
chosen by location cc: 0.007246791684605958 370066.6

406
chosen by location cc: 0.0021997232475082784 370098.6

407
chosen by location cc: 0.011667308402634524 370189.5

408
chosen by location cc: 0.008742624331041338 370286.6

409
chosen by location cc: 0.004401489515066692 370290.6

410
chosen by location cc: 0.002143360622694157 370308.6

411
chosen by location cc: 0.007881369791569948 370329.6

412
chosen by location cc: 0.004780386689497873 370330.4

413
chosen by location cc: 0.00679635103065146 370333.4

414
chosen by location cc: 0.010110803020438985 370344.5

415
chosen by location cc: 0.01359314382575938 370356.6

416
No good candidate 370367.5

ID: 370367
417
chosen by location cc: 0.0035768074543641726 370369.6

418
chosen by location cc: 0.013504413042628172 370394.5

419
chosen by location cc: 0.002927209701244604 370407.6

420
chosen by location cc: 0.003231518573106773 370428.6

421
chosen by location cc: 0.002858865800759891 370469.6

422
chosen by location cc: 0.0027185874773095753 370498.6

423
chosen by location cc: 0.0020968050018015383 370519.6

424
chosen by location cc: 0.0010494746454404735 370563.6

425
chosen by location cc: 0.0013694821172496319 370566.6

426
chosen by location cc: 0.0031546077888984225 370589.4

427
chosen by location cc: 0.00137028079297552 370595.5

428
chosen by location cc: 0.006783792441583003 380012.6

429
chosen by location cc: 0.0038629017581910396 380014.6

430
No good candidate 380040.5

ID: 380040
431
chosen by location cc: 0.001387117258435766 380046.6

432
chosen by location cc: 0.006018331234447061 380056.6

433
No good candidate 380108.5

ID: 380108
434
chosen by location cc: 0.15127735738439274 380244.3

435
chosen by location cc: 0.0049214234326214745 380279.4

436
chosen by location cc: 0.0012687604559457055 380318.6

437
chosen by location cc: 0.005933755528264362 380378.6

438
chosen by location cc: 0.019648326752186973 390259.4

439
chosen by cc cc: 0.018576458590779055 390264.6

440
No good candidate 390449.5

ID: 390449
441
chosen by location cc: 0.003217119092822629 390471.6

442
chosen by location cc: 0.0019272910682862632 390627.6

443
No good candidate 390712.5

ID: 390712
444
chosen by location cc: 0.013750099118036263 400158.6

445
chosen by location cc: 0.002689818450483772 420100.5

446
chosen by location cc: 0.007856987179609587 420136.6

447
chosen by location cc: 0.0028807157024353103 420159.6

448
chosen by location cc: 0.010710889858984385 420196.6

449
chosen by location cc: 0.0020330699111379413 420248.6

450
chosen by location cc: 0.0024688786904398796 420258.6

451
chosen by location cc: 0.012045678527727643 420352.6

452
chosen by location cc: 0.006486144520763015 420393.6

453
chosen by location cc: 0.0029751840922744854 420407.6

454
chosen by location cc: 0.0010275257242221558 420414.6

455
chosen by location cc: 0.0011303629560946993 420417.6

456
No good candidate 430003.5

ID: 430003
457
chosen by location cc: 0.004064781773779558 430004.6

458
chosen by location cc: 0.0030879339739042777 430005.6

459
chosen by location cc: 0.0023493071788011077 440005.6

460
chosen by location cc: 0.003953337261947798 440008.6

461
chosen by location cc: 0.006539916439814775 440011.5

462
chosen by location cc: 0.02889297668153712 440035.6

463
chosen by location cc: 0.0026312545317717095 440039.6

464
No good candidate 440042.5

ID: 440042
465
chosen by location cc: 0.0009704516930916229 440050.6

466
chosen by location cc: 0.004312857235146184 440066.6

467
chosen by location cc: 0.001957834661430402 440162.6

468
chosen by location cc: 0.005549941384253021 440176.6

469
chosen by location cc: 0.0034711956069174432 440202.5

470
photozmatch 440236.3

471
photozmatch 440236.4

472
chosen by cc cc: 0.017195180286381007 440236.6

473
photozmatch 440264.3

474
chosen by location cc: 0.012318674180904376 440264.6

475
chosen by location cc: 0.002658770240664965 440285.6

476
No good candidate 440420.5

ID: 440420
477
No good candidate 440509.5

ID: 440509
478
No good candidate 440643.5

ID: 440643
479
chosen by location cc: 0.006090313626054167 450008.6

480
chosen by location cc: 0.001572802700935405 450020.6

481
chosen by location cc: 0.00455982293964563 450025.5

482
chosen by location cc: 0.002707111123925743 450082.6

483
No good candidate 450175.5

ID: 450175
484
chosen by location cc: 0.002961060611124222 450266.5

485
chosen by location cc: 0.0161697211650087 450284.5

486
photozmatch 450339.3

487
chosen by location cc: 0.014592975731524183 450339.6

488
chosen by location cc: 0.005887217725118132 460001.5

489
chosen by cc cc: 0.004614230566557409 460003.6

490
No good candidate 460004.5

ID: 460004
491
chosen by location cc: 0.0027816393637412062 460037.6

492
chosen by location cc: 0.00596502892435169 460064.6

493
No good candidate 460103.5

ID: 460103
494
chosen by location cc: 0.0020903324087151454 460105.6

495
chosen by location cc: 0.0021247907837967928 470001.6

496
chosen by location cc: 0.0071657583639830325 470005.6

497
chosen by location cc: 0.00436398920282266 470015.6

498
chosen by location cc: 0.0015325729118458309 470041.6

499
chosen by location cc: 0.012215872881411127 470043.4

500
chosen by location cc: 0.0019921287728031922 470047.6

501
chosen by location cc: 0.0032617868843929365 470110.6

502
chosen by location cc: 0.010577402281781945 470232.5

503
No good candidate 470240.5

ID: 470240
504
chosen by location cc: 0.007963926840132807 470244.5

505
chosen by location cc: 0.0037019023142399465 480058.5

506
chosen by location cc: 0.004507965517317691 480064.6

507
No good candidate 480107.5

ID: 480107
508
chosen by location cc: 0.001069365713218251 480154.5

509
chosen by location cc: 0.0015998567016434206 480168.6

510
chosen by location cc: 0.003825213234737501 480464.4

511
No good candidate 480552.5

ID: 480552
512
chosen by location cc: 0.00080275047892997 480845.6

513
chosen by location cc: 0.0027113439599352196 490007.6

514
chosen by location cc: 0.004309903751700261 490008.6

515
No good candidate 490025.5

ID: 490025
516
chosen by location cc: 0.002686815906975726 490037.6

517
chosen by location cc: 0.0036330301712078628 490521.6

518
chosen by location cc: 0.009850317934196107 490563.6

519
chosen by location cc: 0.0034540603556901806 500004.5

520
chosen by location cc: 0.004596921200722304 500012.6

521
chosen by location cc: 0.006116660041197597 500022.6

522
chosen by location cc: 0.004618072907282111 500038.6

523
No good candidate 500057.5

ID: 500057
524
chosen by location cc: 0.009396143509664778 500063.6

525
chosen by cc cc: 0.011618344022421678 500100.6

526
chosen by location cc: 0.002893192956670232 500301.6

527
chosen by location cc: 0.002314871275654662 500332.6

528
chosen by location cc: 0.0012987408430312763 500491.6

529
chosen by location cc: 0.00578610755438469 500511.6

530
chosen by location cc: 0.0033934843523599767 510082.6

531
No good candidate 510113.5

ID: 510113
532
chosen by location cc: 0.002424861837748593 510174.6

533
chosen by location cc: 0.0037309269885337226 510185.6

534
chosen by location cc: 0.024956540100266933 510238.6

535
chosen by location cc: 0.002473774476990487 510251.6

536
chosen by location cc: 0.0067431425366824005 510266.6

537
chosen by location cc: 0.0024884738565603692 510457.6

538
chosen by location cc: 0.003071214463858718 510550.6

539
chosen by location cc: 0.013315677870781029 510578.6

540
No good candidate 510597.5

ID: 510597
541
chosen by location cc: 0.01443583722073094 510638.6

542
chosen by location cc: 0.7982983159284844 520001.3

543
chosen by location cc: 0.0013237726210125755 520007.5

544
chosen by location cc: 0.005287266884863584 520008.6

545
chosen by location cc: 0.001899167003584834 520019.6

546
chosen by location cc: 0.0012304538129500608 520022.6

547
chosen by location cc: 0.0009129765598449024 520023.6

548
chosen by location cc: 0.004259006032812818 520041.6

549
chosen by location cc: 0.0016992840524920894 520062.6

550
chosen by location cc: 0.006255422272378075 520071.6

551
chosen by location cc: 0.006500893738790703 520077.6

552
chosen by location cc: 0.006006627467419312 520107.6

553
chosen by location cc: 0.025056078003406368 520188.6

554
chosen by location cc: 0.0029270121364970425 530037.6

555
chosen by location cc: 0.0017224695224320463 530061.6

556
chosen by location cc: 0.0073352466004315 530085.6

557
chosen by location cc: 0.0010202439471583835 530086.6

558
chosen by location cc: 0.002235406429824338 530128.6

559
chosen by location cc: 0.002617356361070189 530175.6

560
chosen by cc cc: 0.0031170665603591496 530219.5

561
chosen by location cc: 0.001934534652685671 530240.6

562
No good candidate 530249.5

ID: 530249
563
chosen by location cc: 0.009696619972286324 530251.6

564
chosen by location cc: 0.0037934150865334137 540163.6

565
chosen by location cc: 0.0034931528721308114 550005.6

566
No good candidate 550041.5

ID: 550041
567
chosen by location cc: 0.017633070575068355 550059.6

568
chosen by location cc: 0.01520654577288938 550096.6

569
chosen by location cc: 0.002625089709846984 550130.6

570
chosen by location cc: 0.003974796976136341 550137.6

571
chosen by location cc: 0.0016726509975200088 550154.6

572
chosen by location cc: 0.0019176659150034192 550155.6

573
chosen by location cc: 0.001341039711863834 550190.6

574
chosen by location cc: 0.0020407294457140956 550197.6

575
chosen by location cc: 0.004683478389384654 550202.6

576
chosen by location cc: 0.015235926941570055 550218.5

577
No good candidate 550221.5

ID: 550221
578
No good candidate 560027.5

ID: 560027
579
chosen by location cc: 0.001854351556482281 560033.5

580
chosen by location cc: 0.006080169112629652 560054.6

581
chosen by location cc: 0.013080681577956721 560087.6

582
chosen by location cc: 0.002089310133048583 560116.6

583
chosen by location cc: 0.014711954779618286 560121.6

584
chosen by location cc: 0.0038727091468947483 560152.6

585
chosen by location cc: 0.007577766733034341 570022.6

586
chosen by location cc: 0.00574082685638011 570025.6

587
chosen by location cc: 0.015175637032301403 570062.5

588
chosen by location cc: 0.00625155971058422 570096.6

589
chosen by location cc: 0.00713693203232435 580028.5

590
chosen by location cc: 0.0015377791287120024 580084.6

591
chosen by location cc: 0.002941487693998157 580098.6

592
No good candidate 580234.5

ID: 580234
593
No good candidate 580235.5

ID: 580235
594
chosen by location cc: 0.002751063044077129 580275.6

595
chosen by location cc: 0.0021786926801494744 580276.6

596
chosen by location cc: 0.004267079006094354 580280.6

597
chosen by location cc: 0.00712289751260986 580289.6

598
chosen by location cc: 0.003110690358241741 580300.6

599
chosen by location cc: 0.0020887612210134243 580312.6

600
chosen by cc cc: 0.01463642887758787 580327.6

601
photozmatch 590002.3

602
chosen by location cc: 0.00606775535037285 590002.6

603
chosen by location cc: 0.006951638797910609 590005.6

604
chosen by location cc: 0.0033257262931981613 590031.6

605
chosen by location cc: 0.0019749182694094314 590045.6

606
chosen by location cc: 0.0015166231302458089 590097.6

607
No good candidate 590123.5

ID: 590123
608
chosen by location cc: 0.000923185158022477 590194.6

609
No good candidate 590287.5

ID: 590287
Time: 1976.2213246822357 
BAD COUNT: 69
