Using TensorFlow backend.
WARNING:tensorflow:From /n/home00/nchou/.conda/envs/envi/lib/python3.6/site-packages/tensorflow/python/framework/op_def_library.py:263: colocate_with (from tensorflow.python.framework.ops) is deprecated and will be removed in a future version.
Instructions for updating:
Colocations handled automatically by placer.
WARNING:tensorflow:From /n/home00/nchou/.conda/envs/envi/lib/python3.6/site-packages/tensorflow/python/ops/math_ops.py:3066: to_int32 (from tensorflow.python.ops.math_ops) is deprecated and will be removed in a future version.
Instructions for updating:
Use tf.cast instead.
2019-07-22 16:47:28.768360: I tensorflow/core/platform/cpu_feature_guard.cc:141] Your CPU supports instructions that this TensorFlow binary was not compiled to use: AVX2 FMA
2019-07-22 16:47:28.780271: I tensorflow/core/platform/profile_utils/cpu_utils.cc:94] CPU Frequency: 2095094999 Hz
2019-07-22 16:47:28.780711: I tensorflow/compiler/xla/service/service.cc:150] XLA service 0x563a5c96c400 executing computations on platform Host. Devices:
2019-07-22 16:47:28.780774: I tensorflow/compiler/xla/service/service.cc:158]   StreamExecutor device (0): <undefined>, <undefined>
Not using data augmentation.
Epoch 1/25

404/404 [==============================] - 131s 325ms/step - loss: 1.6100 - acc: 0.0718
Epoch 2/25

404/404 [==============================] - 100s 247ms/step - loss: 1.3830 - acc: 0.7748
Epoch 3/25

404/404 [==============================] - 98s 242ms/step - loss: 1.1378 - acc: 0.4035
Epoch 4/25

404/404 [==============================] - 100s 247ms/step - loss: 1.0497 - acc: 0.8243
Epoch 5/25

404/404 [==============================] - 98s 243ms/step - loss: 1.0579 - acc: 0.3094
Epoch 6/25

404/404 [==============================] - 99s 244ms/step - loss: 0.8141 - acc: 0.4827
Epoch 7/25

404/404 [==============================] - 96s 238ms/step - loss: 0.7452 - acc: 0.8267
Epoch 8/25

404/404 [==============================] - 101s 250ms/step - loss: 0.6922 - acc: 0.8688
Epoch 9/25

404/404 [==============================] - 96s 237ms/step - loss: 0.6294 - acc: 0.8861
Epoch 10/25

404/404 [==============================] - 100s 248ms/step - loss: 0.5637 - acc: 0.9158
Epoch 11/25

404/404 [==============================] - 95s 236ms/step - loss: 0.5006 - acc: 0.9282
Epoch 12/25

404/404 [==============================] - 100s 248ms/step - loss: 0.4373 - acc: 0.9282
Epoch 13/25

404/404 [==============================] - 99s 244ms/step - loss: 0.3817 - acc: 0.9134
Epoch 14/25

404/404 [==============================] - 100s 247ms/step - loss: 0.3387 - acc: 0.8663
Epoch 15/25

404/404 [==============================] - 97s 239ms/step - loss: 0.2993 - acc: 0.8812
Epoch 16/25

404/404 [==============================] - 101s 250ms/step - loss: 0.2588 - acc: 0.9480
Epoch 17/25

404/404 [==============================] - 96s 239ms/step - loss: 0.2330 - acc: 0.9480
Epoch 18/25

404/404 [==============================] - 100s 247ms/step - loss: 0.2006 - acc: 0.9431
Epoch 19/25

404/404 [==============================] - 98s 242ms/step - loss: 0.1715 - acc: 0.9752
Epoch 20/25

404/404 [==============================] - 99s 246ms/step - loss: 0.1607 - acc: 0.9579
Epoch 21/25

404/404 [==============================] - 97s 241ms/step - loss: 0.1433 - acc: 0.9158
Epoch 22/25

404/404 [==============================] - 101s 251ms/step - loss: 0.1143 - acc: 0.9802
Epoch 23/25

404/404 [==============================] - 98s 242ms/step - loss: 0.1134 - acc: 0.9728
Epoch 24/25

404/404 [==============================] - 102s 252ms/step - loss: 0.1144 - acc: 0.8960
Epoch 25/25

404/404 [==============================] - 101s 249ms/step - loss: 0.0806 - acc: 0.9827
Saved trained model at /n/holylfs03/LABS/berger_lab/nchou/saved_models/aardvark25w.h5 
Traceback (most recent call last):
  File "cnn_aardvark_weighted.py", line 84, in <module>
    y_pred = model.predict(x_test)
NameError: name 'x_test' is not defined
